# JRE version: OpenJDK Runtime Environment (8.0_76-b03) (build 1.8.0_76-release-b03)
# Java VM: OpenJDK 64-Bit Server VM (25.76-b03 mixed mode linux-amd64 compressed oops)
Heap:
 PSYoungGen      total 851968K, used 14648K [0x000000076ab00000, 0x00000007b4580000, 0x00000007c0000000)
  eden space 670720K, 0% used [0x000000076ab00000,0x000000076ab00000,0x0000000793a00000)
  from space 181248K, 8% used [0x0000000793a00000,0x000000079484e2b8,0x000000079eb00000)
  to   space 185344K, 0% used [0x00000007a9080000,0x00000007a9080000,0x00000007b4580000)
 ParOldGen       total 476160K, used 475801K [0x00000006c0000000, 0x00000006dd100000, 0x000000076ab00000)
  object space 476160K, 99% used [0x00000006c0000000,0x00000006dd0a66f0,0x00000006dd100000)
 Metaspace       used 6592K, capacity 7280K, committed 7552K, reserved 1056768K
  class space    used 597K, capacity 616K, committed 640K, reserved 1048576K
GC Heap History (10 events):
Event: 6.882 GC heap after
Heap after GC invocations=12 (full 2):
 PSYoungGen      total 678912K, used 53140K [0x000000076ab00000, 0x000000079d700000, 0x00000007c0000000)
  eden space 591872K, 0% used [0x000000076ab00000,0x000000076ab00000,0x000000078ed00000)
  from space 87040K, 61% used [0x0000000795080000,0x0000000798465198,0x000000079a580000)
  to   space 101888K, 0% used [0x000000078ed00000,0x000000078ed00000,0x0000000795080000)
 ParOldGen       total 294912K, used 166580K [0x00000006c0000000, 0x00000006d2000000, 0x000000076ab00000)
  object space 294912K, 56% used [0x00000006c0000000,0x00000006ca2ad040,0x00000006d2000000)
 Metaspace       used 6558K, capacity 7280K, committed 7552K, reserved 1056768K
  class space    used 595K, capacity 616K, committed 640K, reserved 1048576K
}
Event: 17.824 GC heap before
{Heap before GC invocations=13 (full 2):
 PSYoungGen      total 678912K, used 645012K [0x000000076ab00000, 0x000000079d700000, 0x00000007c0000000)
  eden space 591872K, 100% used [0x000000076ab00000,0x000000078ed00000,0x000000078ed00000)
  from space 87040K, 61% used [0x0000000795080000,0x0000000798465198,0x000000079a580000)
  to   space 101888K, 0% used [0x000000078ed00000,0x000000078ed00000,0x0000000795080000)
 ParOldGen       total 294912K, used 166580K [0x00000006c0000000, 0x00000006d2000000, 0x000000076ab00000)
  object space 294912K, 56% used [0x00000006c0000000,0x00000006ca2ad040,0x00000006d2000000)
 Metaspace       used 6564K, capacity 7280K, committed 7552K, reserved 1056768K
  class space    used 595K, capacity 616K, committed 640K, reserved 1048576K
Event: 21.269 GC heap after
Heap after GC invocations=13 (full 2):
 PSYoungGen      total 693760K, used 101873K [0x000000076ab00000, 0x00000007a6e80000, 0x00000007c0000000)
  eden space 591872K, 0% used [0x000000076ab00000,0x000000076ab00000,0x000000078ed00000)
  from space 101888K, 99% used [0x000000078ed00000,0x000000079507c600,0x0000000795080000)
  to   space 134656K, 0% used [0x000000079eb00000,0x000000079eb00000,0x00000007a6e80000)
 ParOldGen       total 294912K, used 206838K [0x00000006c0000000, 0x00000006d2000000, 0x000000076ab00000)
  object space 294912K, 70% used [0x00000006c0000000,0x00000006cc9fd8b8,0x00000006d2000000)
 Metaspace       used 6564K, capacity 7280K, committed 7552K, reserved 1056768K
  class space    used 595K, capacity 616K, committed 640K, reserved 1048576K
}
Event: 22.818 GC heap before
{Heap before GC invocations=14 (full 2):
 PSYoungGen      total 693760K, used 693745K [0x000000076ab00000, 0x00000007a6e80000, 0x00000007c0000000)
  eden space 591872K, 100% used [0x000000076ab00000,0x000000078ed00000,0x000000078ed00000)
  from space 101888K, 99% used [0x000000078ed00000,0x000000079507c600,0x0000000795080000)
  to   space 134656K, 0% used [0x000000079eb00000,0x000000079eb00000,0x00000007a6e80000)
 ParOldGen       total 294912K, used 206838K [0x00000006c0000000, 0x00000006d2000000, 0x000000076ab00000)
  object space 294912K, 70% used [0x00000006c0000000,0x00000006cc9fd8b8,0x00000006d2000000)
 Metaspace       used 6585K, capacity 7280K, committed 7552K, reserved 1056768K
  class space    used 597K, capacity 616K, committed 640K, reserved 1048576K
Event: 23.044 GC heap after
Heap after GC invocations=14 (full 2):
 PSYoungGen      total 805376K, used 134639K [0x000000076ab00000, 0x00000007ac980000, 0x00000007c0000000)
  eden space 670720K, 0% used [0x000000076ab00000,0x000000076ab00000,0x0000000793a00000)
  from space 134656K, 99% used [0x000000079eb00000,0x00000007a6e7be90,0x00000007a6e80000)
  to   space 181248K, 0% used [0x0000000793a00000,0x0000000793a00000,0x000000079eb00000)
 ParOldGen       total 294912K, used 268624K [0x00000006c0000000, 0x00000006d2000000, 0x000000076ab00000)
  object space 294912K, 91% used [0x00000006c0000000,0x00000006d06543d0,0x00000006d2000000)
 Metaspace       used 6585K, capacity 7280K, committed 7552K, reserved 1056768K
  class space    used 597K, capacity 616K, committed 640K, reserved 1048576K
}
Event: 23.044 GC heap before
{Heap before GC invocations=15 (full 3):
 PSYoungGen      total 805376K, used 134639K [0x000000076ab00000, 0x00000007ac980000, 0x00000007c0000000)
  eden space 670720K, 0% used [0x000000076ab00000,0x000000076ab00000,0x0000000793a00000)
  from space 134656K, 99% used [0x000000079eb00000,0x00000007a6e7be90,0x00000007a6e80000)
  to   space 181248K, 0% used [0x0000000793a00000,0x0000000793a00000,0x000000079eb00000)
 ParOldGen       total 294912K, used 268624K [0x00000006c0000000, 0x00000006d2000000, 0x000000076ab00000)
  object space 294912K, 91% used [0x00000006c0000000,0x00000006d06543d0,0x00000006d2000000)
 Metaspace       used 6585K, capacity 7280K, committed 7552K, reserved 1056768K
  class space    used 597K, capacity 616K, committed 640K, reserved 1048576K
Event: 23.959 GC heap after
Heap after GC invocations=15 (full 3):
 PSYoungGen      total 805376K, used 101463K [0x000000076ab00000, 0x00000007ac980000, 0x00000007c0000000)
  eden space 670720K, 0% used [0x000000076ab00000,0x000000076ab00000,0x0000000793a00000)
  from space 134656K, 75% used [0x000000079eb00000,0x00000007a4e15e98,0x00000007a6e80000)
  to   space 181248K, 0% used [0x0000000793a00000,0x0000000793a00000,0x000000079eb00000)
 ParOldGen       total 476160K, used 294500K [0x00000006c0000000, 0x00000006dd100000, 0x000000076ab00000)
  object space 476160K, 61% used [0x00000006c0000000,0x00000006d1f99360,0x00000006dd100000)
 Metaspace       used 6585K, capacity 7280K, committed 7552K, reserved 1056768K
  class space    used 597K, capacity 616K, committed 640K, reserved 1048576K
}
Event: 25.638 GC heap before
{Heap before GC invocations=16 (full 3):
 PSYoungGen      total 805376K, used 772183K [0x000000076ab00000, 0x00000007ac980000, 0x00000007c0000000)
  eden space 670720K, 100% used [0x000000076ab00000,0x0000000793a00000,0x0000000793a00000)
  from space 134656K, 75% used [0x000000079eb00000,0x00000007a4e15e98,0x00000007a6e80000)
  to   space 181248K, 0% used [0x0000000793a00000,0x0000000793a00000,0x000000079eb00000)
 ParOldGen       total 476160K, used 294500K [0x00000006c0000000, 0x00000006dd100000, 0x000000076ab00000)
  object space 476160K, 61% used [0x00000006c0000000,0x00000006d1f99360,0x00000006dd100000)
 Metaspace       used 6592K, capacity 7280K, committed 7552K, reserved 1056768K
  class space    used 597K, capacity 616K, committed 640K, reserved 1048576K
Event: 25.932 GC heap after
Heap after GC invocations=16 (full 3):
 PSYoungGen      total 851968K, used 104147K [0x000000076ab00000, 0x00000007b4580000, 0x00000007c0000000)
  eden space 670720K, 0% used [0x000000076ab00000,0x000000076ab00000,0x0000000793a00000)
  from space 181248K, 57% used [0x0000000793a00000,0x0000000799fb4eb8,0x000000079eb00000)
  to   space 185344K, 0% used [0x00000007a9080000,0x00000007a9080000,0x00000007b4580000)
 ParOldGen       total 476160K, used 396874K [0x00000006c0000000, 0x00000006dd100000, 0x000000076ab00000)
  object space 476160K, 83% used [0x00000006c0000000,0x00000006d83929d8,0x00000006dd100000)
 Metaspace       used 6592K, capacity 7280K, committed 7552K, reserved 1056768K
  class space    used 597K, capacity 616K, committed 640K, reserved 1048576K
}
Event: 25.932 GC heap before
{Heap before GC invocations=17 (full 4):
 PSYoungGen      total 851968K, used 104147K [0x000000076ab00000, 0x00000007b4580000, 0x00000007c0000000)
  eden space 670720K, 0% used [0x000000076ab00000,0x000000076ab00000,0x0000000793a00000)
  from space 181248K, 57% used [0x0000000793a00000,0x0000000799fb4eb8,0x000000079eb00000)
  to   space 185344K, 0% used [0x00000007a9080000,0x00000007a9080000,0x00000007b4580000)
 ParOldGen       total 476160K, used 396874K [0x00000006c0000000, 0x00000006dd100000, 0x000000076ab00000)
  object space 476160K, 83% used [0x00000006c0000000,0x00000006d83929d8,0x00000006dd100000)
 Metaspace       used 6592K, capacity 7280K, committed 7552K, reserved 1056768K
  class space    used 597K, capacity 616K, committed 640K, reserved 1048576K

