# JRE version: OpenJDK Runtime Environment (8.0_152-b01) (build 1.8.0_152-release-915-b01)
# Java VM: OpenJDK 64-Bit Server VM (25.152-b01 mixed mode linux-amd64 compressed oops)
Heap:
 PSYoungGen      total 558592K, used 62462K [0x000000076ab00000, 0x0000000791a00000, 0x00000007c0000000)
  eden space 496128K, 0% used [0x000000076ab00000,0x000000076ab00000,0x0000000788f80000)
  from space 62464K, 99% used [0x0000000788f80000,0x000000078cc7fa08,0x000000078cc80000)
  to   space 45568K, 0% used [0x000000078cc80000,0x000000078cc80000,0x000000078f900000)
 ParOldGen       total 163328K, used 121376K [0x00000006c0000000, 0x00000006c9f80000, 0x000000076ab00000)
  object space 163328K, 74% used [0x00000006c0000000,0x00000006c76883d0,0x00000006c9f80000)
 Metaspace       used 6607K, capacity 7346K, committed 7552K, reserved 1056768K
  class space    used 604K, capacity 618K, committed 640K, reserved 1048576K
GC Heap History (10 events):
Event: 1.143 GC heap after
Heap after GC invocations=5 (full 0):
 PSYoungGen      total 136192K, used 5110K [0x000000076ab00000, 0x000000077d100000, 0x00000007c0000000)
  eden space 131072K, 0% used [0x000000076ab00000,0x000000076ab00000,0x0000000772b00000)
  from space 5120K, 99% used [0x0000000772b00000,0x0000000772ffdb00,0x0000000773000000)
  to   space 19456K, 0% used [0x000000077be00000,0x000000077be00000,0x000000077d100000)
 ParOldGen       total 86016K, used 20440K [0x00000006c0000000, 0x00000006c5400000, 0x000000076ab00000)
  object space 86016K, 23% used [0x00000006c0000000,0x00000006c13f61c0,0x00000006c5400000)
 Metaspace       used 6165K, capacity 7026K, committed 7296K, reserved 1056768K
  class space    used 604K, capacity 618K, committed 640K, reserved 1048576K
}
Event: 1.455 GC heap before
{Heap before GC invocations=6 (full 0):
 PSYoungGen      total 136192K, used 136182K [0x000000076ab00000, 0x000000077d100000, 0x00000007c0000000)
  eden space 131072K, 100% used [0x000000076ab00000,0x0000000772b00000,0x0000000772b00000)
  from space 5120K, 99% used [0x0000000772b00000,0x0000000772ffdb00,0x0000000773000000)
  to   space 19456K, 0% used [0x000000077be00000,0x000000077be00000,0x000000077d100000)
 ParOldGen       total 86016K, used 20440K [0x00000006c0000000, 0x00000006c5400000, 0x000000076ab00000)
  object space 86016K, 23% used [0x00000006c0000000,0x00000006c13f61c0,0x00000006c5400000)
 Metaspace       used 6336K, capacity 7154K, committed 7296K, reserved 1056768K
  class space    used 604K, capacity 618K, committed 640K, reserved 1048576K
Event: 1.489 GC heap after
Heap after GC invocations=6 (full 0):
 PSYoungGen      total 275968K, used 19437K [0x000000076ab00000, 0x000000077dc00000, 0x00000007c0000000)
  eden space 256512K, 0% used [0x000000076ab00000,0x000000076ab00000,0x000000077a580000)
  from space 19456K, 99% used [0x000000077be00000,0x000000077d0fb6c0,0x000000077d100000)
  to   space 25088K, 0% used [0x000000077a580000,0x000000077a580000,0x000000077be00000)
 ParOldGen       total 86016K, used 23553K [0x00000006c0000000, 0x00000006c5400000, 0x000000076ab00000)
  object space 86016K, 27% used [0x00000006c0000000,0x00000006c1700658,0x00000006c5400000)
 Metaspace       used 6336K, capacity 7154K, committed 7296K, reserved 1056768K
  class space    used 604K, capacity 618K, committed 640K, reserved 1048576K
}
Event: 2.175 GC heap before
{Heap before GC invocations=7 (full 0):
 PSYoungGen      total 275968K, used 275949K [0x000000076ab00000, 0x000000077dc00000, 0x00000007c0000000)
  eden space 256512K, 100% used [0x000000076ab00000,0x000000077a580000,0x000000077a580000)
  from space 19456K, 99% used [0x000000077be00000,0x000000077d0fb6c0,0x000000077d100000)
  to   space 25088K, 0% used [0x000000077a580000,0x000000077a580000,0x000000077be00000)
 ParOldGen       total 86016K, used 23553K [0x00000006c0000000, 0x00000006c5400000, 0x000000076ab00000)
  object space 86016K, 27% used [0x00000006c0000000,0x00000006c1700658,0x00000006c5400000)
 Metaspace       used 6539K, capacity 7282K, committed 7552K, reserved 1056768K
  class space    used 604K, capacity 618K, committed 640K, reserved 1048576K
Event: 2.232 GC heap after
Heap after GC invocations=7 (full 0):
 PSYoungGen      total 281600K, used 25067K [0x000000076ab00000, 0x000000078f900000, 0x00000007c0000000)
  eden space 256512K, 0% used [0x000000076ab00000,0x000000076ab00000,0x000000077a580000)
  from space 25088K, 99% used [0x000000077a580000,0x000000077bdfad18,0x000000077be00000)
  to   space 45568K, 0% used [0x000000078cc80000,0x000000078cc80000,0x000000078f900000)
 ParOldGen       total 86016K, used 53878K [0x00000006c0000000, 0x00000006c5400000, 0x000000076ab00000)
  object space 86016K, 62% used [0x00000006c0000000,0x00000006c349dbf8,0x00000006c5400000)
 Metaspace       used 6539K, capacity 7282K, committed 7552K, reserved 1056768K
  class space    used 604K, capacity 618K, committed 640K, reserved 1048576K
}
Event: 2.664 GC heap before
{Heap before GC invocations=8 (full 0):
 PSYoungGen      total 281600K, used 281579K [0x000000076ab00000, 0x000000078f900000, 0x00000007c0000000)
  eden space 256512K, 100% used [0x000000076ab00000,0x000000077a580000,0x000000077a580000)
  from space 25088K, 99% used [0x000000077a580000,0x000000077bdfad18,0x000000077be00000)
  to   space 45568K, 0% used [0x000000078cc80000,0x000000078cc80000,0x000000078f900000)
 ParOldGen       total 86016K, used 53878K [0x00000006c0000000, 0x00000006c5400000, 0x000000076ab00000)
  object space 86016K, 62% used [0x00000006c0000000,0x00000006c349dbf8,0x00000006c5400000)
 Metaspace       used 6584K, capacity 7346K, committed 7552K, reserved 1056768K
  class space    used 604K, capacity 618K, committed 640K, reserved 1048576K
Event: 2.764 GC heap after
Heap after GC invocations=8 (full 0):
 PSYoungGen      total 541696K, used 45548K [0x000000076ab00000, 0x0000000791a00000, 0x00000007c0000000)
  eden space 496128K, 0% used [0x000000076ab00000,0x000000076ab00000,0x0000000788f80000)
  from space 45568K, 99% used [0x000000078cc80000,0x000000078f8fb208,0x000000078f900000)
  to   space 62464K, 0% used [0x0000000788f80000,0x0000000788f80000,0x000000078cc80000)
 ParOldGen       total 86016K, used 72198K [0x00000006c0000000, 0x00000006c5400000, 0x000000076ab00000)
  object space 86016K, 83% used [0x00000006c0000000,0x00000006c4681b90,0x00000006c5400000)
 Metaspace       used 6584K, capacity 7346K, committed 7552K, reserved 1056768K
  class space    used 604K, capacity 618K, committed 640K, reserved 1048576K
}
Event: 2.767 GC heap before
{Heap before GC invocations=9 (full 1):
 PSYoungGen      total 541696K, used 45548K [0x000000076ab00000, 0x0000000791a00000, 0x00000007c0000000)
  eden space 496128K, 0% used [0x000000076ab00000,0x000000076ab00000,0x0000000788f80000)
  from space 45568K, 99% used [0x000000078cc80000,0x000000078f8fb208,0x000000078f900000)
  to   space 62464K, 0% used [0x0000000788f80000,0x0000000788f80000,0x000000078cc80000)
 ParOldGen       total 86016K, used 72198K [0x00000006c0000000, 0x00000006c5400000, 0x000000076ab00000)
  object space 86016K, 83% used [0x00000006c0000000,0x00000006c4681b90,0x00000006c5400000)
 Metaspace       used 6584K, capacity 7346K, committed 7552K, reserved 1056768K
  class space    used 604K, capacity 618K, committed 640K, reserved 1048576K
Event: 3.213 GC heap after
Heap after GC invocations=9 (full 1):
 PSYoungGen      total 541696K, used 26526K [0x000000076ab00000, 0x0000000791a00000, 0x00000007c0000000)
  eden space 496128K, 0% used [0x000000076ab00000,0x000000076ab00000,0x0000000788f80000)
  from space 45568K, 58% used [0x000000078cc80000,0x000000078e667920,0x000000078f900000)
  to   space 62464K, 0% used [0x0000000788f80000,0x0000000788f80000,0x000000078cc80000)
 ParOldGen       total 163328K, used 85970K [0x00000006c0000000, 0x00000006c9f80000, 0x000000076ab00000)
  object space 163328K, 52% used [0x00000006c0000000,0x00000006c53f4a78,0x00000006c9f80000)
 Metaspace       used 6584K, capacity 7346K, committed 7552K, reserved 1056768K
  class space    used 604K, capacity 618K, committed 640K, reserved 1048576K
}
Event: 4.363 GC heap before
{Heap before GC invocations=10 (full 1):
 PSYoungGen      total 541696K, used 522654K [0x000000076ab00000, 0x0000000791a00000, 0x00000007c0000000)
  eden space 496128K, 100% used [0x000000076ab00000,0x0000000788f80000,0x0000000788f80000)
  from space 45568K, 58% used [0x000000078cc80000,0x000000078e667920,0x000000078f900000)
  to   space 62464K, 0% used [0x0000000788f80000,0x0000000788f80000,0x000000078cc80000)
 ParOldGen       total 163328K, used 85970K [0x00000006c0000000, 0x00000006c9f80000, 0x000000076ab00000)
  object space 163328K, 52% used [0x00000006c0000000,0x00000006c53f4a78,0x00000006c9f80000)
 Metaspace       used 6607K, capacity 7346K, committed 7552K, reserved 1056768K
  class space    used 604K, capacity 618K, committed 640K, reserved 1048576K

