# JRE version: OpenJDK Runtime Environment (8.0_152-b01) (build 1.8.0_152-release-915-b01)
# Java VM: OpenJDK 64-Bit Server VM (25.152-b01 mixed mode linux-amd64 compressed oops)
Heap:
 PSYoungGen      total 875008K, used 44049K [0x000000076ab00000, 0x00000007b3e80000, 0x00000007c0000000)
  eden space 708096K, 0% used [0x000000076ab00000,0x000000076ab00000,0x0000000795e80000)
  from space 166912K, 26% used [0x0000000795e80000,0x0000000798984570,0x00000007a0180000)
  to   space 175104K, 0% used [0x00000007a9380000,0x00000007a9380000,0x00000007b3e80000)
 ParOldGen       total 460288K, used 459957K [0x00000006c0000000, 0x00000006dc180000, 0x000000076ab00000)
  object space 460288K, 99% used [0x00000006c0000000,0x00000006dc12d488,0x00000006dc180000)
 Metaspace       used 6635K, capacity 7346K, committed 7552K, reserved 1056768K
  class space    used 606K, capacity 618K, committed 640K, reserved 1048576K
GC Heap History (10 events):
Event: 6.022 GC heap after
Heap after GC invocations=12 (full 2):
 PSYoungGen      total 694272K, used 59147K [0x000000076ab00000, 0x000000079ef00000, 0x00000007c0000000)
  eden space 606208K, 0% used [0x000000076ab00000,0x000000076ab00000,0x000000078fb00000)
  from space 88064K, 67% used [0x0000000796700000,0x000000079a0c2c00,0x000000079bd00000)
  to   space 110592K, 0% used [0x000000078fb00000,0x000000078fb00000,0x0000000796700000)
 ParOldGen       total 281600K, used 162190K [0x00000006c0000000, 0x00000006d1300000, 0x000000076ab00000)
  object space 281600K, 57% used [0x00000006c0000000,0x00000006c9e63a38,0x00000006d1300000)
 Metaspace       used 6603K, capacity 7346K, committed 7552K, reserved 1056768K
  class space    used 604K, capacity 618K, committed 640K, reserved 1048576K
}
Event: 7.073 GC heap before
{Heap before GC invocations=13 (full 2):
 PSYoungGen      total 694272K, used 664420K [0x000000076ab00000, 0x000000079ef00000, 0x00000007c0000000)
  eden space 606208K, 99% used [0x000000076ab00000,0x000000078fa167b8,0x000000078fb00000)
  from space 88064K, 67% used [0x0000000796700000,0x000000079a0c2c00,0x000000079bd00000)
  to   space 110592K, 0% used [0x000000078fb00000,0x000000078fb00000,0x0000000796700000)
 ParOldGen       total 281600K, used 162190K [0x00000006c0000000, 0x00000006d1300000, 0x000000076ab00000)
  object space 281600K, 57% used [0x00000006c0000000,0x00000006c9e63a38,0x00000006d1300000)
 Metaspace       used 6622K, capacity 7346K, committed 7552K, reserved 1056768K
  class space    used 605K, capacity 618K, committed 640K, reserved 1048576K
Event: 7.481 GC heap after
Heap after GC invocations=13 (full 2):
 PSYoungGen      total 716800K, used 93391K [0x000000076ab00000, 0x00000007a7a80000, 0x00000007c0000000)
  eden space 606208K, 0% used [0x000000076ab00000,0x000000076ab00000,0x000000078fb00000)
  from space 110592K, 84% used [0x000000078fb00000,0x0000000795633e88,0x0000000796700000)
  to   space 123904K, 0% used [0x00000007a0180000,0x00000007a0180000,0x00000007a7a80000)
 ParOldGen       total 281600K, used 221045K [0x00000006c0000000, 0x00000006d1300000, 0x000000076ab00000)
  object space 281600K, 78% used [0x00000006c0000000,0x00000006cd7dd460,0x00000006d1300000)
 Metaspace       used 6622K, capacity 7346K, committed 7552K, reserved 1056768K
  class space    used 605K, capacity 618K, committed 640K, reserved 1048576K
}
Event: 8.603 GC heap before
{Heap before GC invocations=14 (full 2):
 PSYoungGen      total 716800K, used 699599K [0x000000076ab00000, 0x00000007a7a80000, 0x00000007c0000000)
  eden space 606208K, 100% used [0x000000076ab00000,0x000000078fb00000,0x000000078fb00000)
  from space 110592K, 84% used [0x000000078fb00000,0x0000000795633e88,0x0000000796700000)
  to   space 123904K, 0% used [0x00000007a0180000,0x00000007a0180000,0x00000007a7a80000)
 ParOldGen       total 281600K, used 221045K [0x00000006c0000000, 0x00000006d1300000, 0x000000076ab00000)
  object space 281600K, 78% used [0x00000006c0000000,0x00000006cd7dd460,0x00000006d1300000)
 Metaspace       used 6632K, capacity 7346K, committed 7552K, reserved 1056768K
  class space    used 606K, capacity 618K, committed 640K, reserved 1048576K
Event: 8.818 GC heap after
Heap after GC invocations=14 (full 2):
 PSYoungGen      total 832000K, used 123893K [0x000000076ab00000, 0x00000007ad400000, 0x00000007c0000000)
  eden space 708096K, 0% used [0x000000076ab00000,0x000000076ab00000,0x0000000795e80000)
  from space 123904K, 99% used [0x00000007a0180000,0x00000007a7a7d528,0x00000007a7a80000)
  to   space 166912K, 0% used [0x0000000795e80000,0x0000000795e80000,0x00000007a0180000)
 ParOldGen       total 281600K, used 279287K [0x00000006c0000000, 0x00000006d1300000, 0x000000076ab00000)
  object space 281600K, 99% used [0x00000006c0000000,0x00000006d10bdf50,0x00000006d1300000)
 Metaspace       used 6632K, capacity 7346K, committed 7552K, reserved 1056768K
  class space    used 606K, capacity 618K, committed 640K, reserved 1048576K
}
Event: 8.818 GC heap before
{Heap before GC invocations=15 (full 3):
 PSYoungGen      total 832000K, used 123893K [0x000000076ab00000, 0x00000007ad400000, 0x00000007c0000000)
  eden space 708096K, 0% used [0x000000076ab00000,0x000000076ab00000,0x0000000795e80000)
  from space 123904K, 99% used [0x00000007a0180000,0x00000007a7a7d528,0x00000007a7a80000)
  to   space 166912K, 0% used [0x0000000795e80000,0x0000000795e80000,0x00000007a0180000)
 ParOldGen       total 281600K, used 279287K [0x00000006c0000000, 0x00000006d1300000, 0x000000076ab00000)
  object space 281600K, 99% used [0x00000006c0000000,0x00000006d10bdf50,0x00000006d1300000)
 Metaspace       used 6632K, capacity 7346K, committed 7552K, reserved 1056768K
  class space    used 606K, capacity 618K, committed 640K, reserved 1048576K
Event: 10.829 GC heap after
Heap after GC invocations=15 (full 3):
 PSYoungGen      total 832000K, used 118180K [0x000000076ab00000, 0x00000007ad400000, 0x00000007c0000000)
  eden space 708096K, 0% used [0x000000076ab00000,0x000000076ab00000,0x0000000795e80000)
  from space 123904K, 95% used [0x00000007a0180000,0x00000007a74e9388,0x00000007a7a80000)
  to   space 166912K, 0% used [0x0000000795e80000,0x0000000795e80000,0x00000007a0180000)
 ParOldGen       total 460288K, used 281384K [0x00000006c0000000, 0x00000006dc180000, 0x000000076ab00000)
  object space 460288K, 61% used [0x00000006c0000000,0x00000006d12ca018,0x00000006dc180000)
 Metaspace       used 6632K, capacity 7346K, committed 7552K, reserved 1056768K
  class space    used 606K, capacity 618K, committed 640K, reserved 1048576K
}
Event: 12.094 GC heap before
{Heap before GC invocations=16 (full 3):
 PSYoungGen      total 832000K, used 826276K [0x000000076ab00000, 0x00000007ad400000, 0x00000007c0000000)
  eden space 708096K, 100% used [0x000000076ab00000,0x0000000795e80000,0x0000000795e80000)
  from space 123904K, 95% used [0x00000007a0180000,0x00000007a74e9388,0x00000007a7a80000)
  to   space 166912K, 0% used [0x0000000795e80000,0x0000000795e80000,0x00000007a0180000)
 ParOldGen       total 460288K, used 281384K [0x00000006c0000000, 0x00000006dc180000, 0x000000076ab00000)
  object space 460288K, 61% used [0x00000006c0000000,0x00000006d12ca018,0x00000006dc180000)
 Metaspace       used 6635K, capacity 7346K, committed 7552K, reserved 1056768K
  class space    used 606K, capacity 618K, committed 640K, reserved 1048576K
Event: 12.559 GC heap after
Heap after GC invocations=16 (full 3):
 PSYoungGen      total 875008K, used 108965K [0x000000076ab00000, 0x00000007b3e80000, 0x00000007c0000000)
  eden space 708096K, 0% used [0x000000076ab00000,0x000000076ab00000,0x0000000795e80000)
  from space 166912K, 65% used [0x0000000795e80000,0x000000079c8e9760,0x00000007a0180000)
  to   space 175104K, 0% used [0x00000007a9380000,0x00000007a9380000,0x00000007b3e80000)
 ParOldGen       total 460288K, used 400666K [0x00000006c0000000, 0x00000006dc180000, 0x000000076ab00000)
  object space 460288K, 87% used [0x00000006c0000000,0x00000006d87468f0,0x00000006dc180000)
 Metaspace       used 6635K, capacity 7346K, committed 7552K, reserved 1056768K
  class space    used 606K, capacity 618K, committed 640K, reserved 1048576K
}
Event: 12.559 GC heap before
{Heap before GC invocations=17 (full 4):
 PSYoungGen      total 875008K, used 108965K [0x000000076ab00000, 0x00000007b3e80000, 0x00000007c0000000)
  eden space 708096K, 0% used [0x000000076ab00000,0x000000076ab00000,0x0000000795e80000)
  from space 166912K, 65% used [0x0000000795e80000,0x000000079c8e9760,0x00000007a0180000)
  to   space 175104K, 0% used [0x00000007a9380000,0x00000007a9380000,0x00000007b3e80000)
 ParOldGen       total 460288K, used 400666K [0x00000006c0000000, 0x00000006dc180000, 0x000000076ab00000)
  object space 460288K, 87% used [0x00000006c0000000,0x00000006d87468f0,0x00000006dc180000)
 Metaspace       used 6635K, capacity 7346K, committed 7552K, reserved 1056768K
  class space    used 606K, capacity 618K, committed 640K, reserved 1048576K

