# JRE version: OpenJDK Runtime Environment (8.0_112-b06) (build 1.8.0_112-release-b06)
# Java VM: OpenJDK 64-Bit Server VM (25.112-b06 mixed mode linux-amd64 compressed oops)
Heap:
 PSYoungGen      total 910336K, used 115223K [0x000000076ab00000, 0x00000007b0980000, 0x00000007c0000000)
  eden space 742912K, 0% used [0x000000076ab00000,0x000000076ab00000,0x0000000798080000)
  from space 167424K, 68% used [0x0000000798080000,0x000000079f105d10,0x00000007a2400000)
  to   space 124928K, 0% used [0x00000007a2400000,0x00000007a2400000,0x00000007a9e00000)
 ParOldGen       total 435712K, used 399500K [0x00000006c0000000, 0x00000006da980000, 0x000000076ab00000)
  object space 435712K, 91% used [0x00000006c0000000,0x00000006d8623350,0x00000006da980000)
 Metaspace       used 6589K, capacity 7280K, committed 7552K, reserved 1056768K
  class space    used 597K, capacity 616K, committed 640K, reserved 1048576K
GC Heap History (10 events):
Event: 5.775 GC heap after
Heap after GC invocations=11 (full 1):
 PSYoungGen      total 704512K, used 89578K [0x000000076ab00000, 0x00000007a0d00000, 0x00000007c0000000)
  eden space 614912K, 0% used [0x000000076ab00000,0x000000076ab00000,0x0000000790380000)
  from space 89600K, 99% used [0x0000000797100000,0x000000079c87abb0,0x000000079c880000)
  to   space 112128K, 0% used [0x0000000790380000,0x0000000790380000,0x0000000797100000)
 ParOldGen       total 162304K, used 140948K [0x00000006c0000000, 0x00000006c9e80000, 0x000000076ab00000)
  object space 162304K, 86% used [0x00000006c0000000,0x00000006c89a51b0,0x00000006c9e80000)
 Metaspace       used 6554K, capacity 7280K, committed 7552K, reserved 1056768K
  class space    used 595K, capacity 616K, committed 640K, reserved 1048576K
}
Event: 5.775 GC heap before
{Heap before GC invocations=12 (full 2):
 PSYoungGen      total 704512K, used 89578K [0x000000076ab00000, 0x00000007a0d00000, 0x00000007c0000000)
  eden space 614912K, 0% used [0x000000076ab00000,0x000000076ab00000,0x0000000790380000)
  from space 89600K, 99% used [0x0000000797100000,0x000000079c87abb0,0x000000079c880000)
  to   space 112128K, 0% used [0x0000000790380000,0x0000000790380000,0x0000000797100000)
 ParOldGen       total 162304K, used 140948K [0x00000006c0000000, 0x00000006c9e80000, 0x000000076ab00000)
  object space 162304K, 86% used [0x00000006c0000000,0x00000006c89a51b0,0x00000006c9e80000)
 Metaspace       used 6554K, capacity 7280K, committed 7552K, reserved 1056768K
  class space    used 595K, capacity 616K, committed 640K, reserved 1048576K
Event: 6.571 GC heap after
Heap after GC invocations=12 (full 2):
 PSYoungGen      total 704512K, used 59650K [0x000000076ab00000, 0x00000007a0d00000, 0x00000007c0000000)
  eden space 614912K, 0% used [0x000000076ab00000,0x000000076ab00000,0x0000000790380000)
  from space 89600K, 66% used [0x0000000797100000,0x000000079ab40910,0x000000079c880000)
  to   space 112128K, 0% used [0x0000000790380000,0x0000000790380000,0x0000000797100000)
 ParOldGen       total 272384K, used 161816K [0x00000006c0000000, 0x00000006d0a00000, 0x000000076ab00000)
  object space 272384K, 59% used [0x00000006c0000000,0x00000006c9e061f0,0x00000006d0a00000)
 Metaspace       used 6554K, capacity 7280K, committed 7552K, reserved 1056768K
  class space    used 595K, capacity 616K, committed 640K, reserved 1048576K
}
Event: 8.105 GC heap before
{Heap before GC invocations=13 (full 2):
 PSYoungGen      total 704512K, used 674562K [0x000000076ab00000, 0x00000007a0d00000, 0x00000007c0000000)
  eden space 614912K, 100% used [0x000000076ab00000,0x0000000790380000,0x0000000790380000)
  from space 89600K, 66% used [0x0000000797100000,0x000000079ab40910,0x000000079c880000)
  to   space 112128K, 0% used [0x0000000790380000,0x0000000790380000,0x0000000797100000)
 ParOldGen       total 272384K, used 161816K [0x00000006c0000000, 0x00000006d0a00000, 0x000000076ab00000)
  object space 272384K, 59% used [0x00000006c0000000,0x00000006c9e061f0,0x00000006d0a00000)
 Metaspace       used 6574K, capacity 7280K, committed 7552K, reserved 1056768K
  class space    used 595K, capacity 616K, committed 640K, reserved 1048576K
Event: 8.237 GC heap after
Heap after GC invocations=13 (full 2):
 PSYoungGen      total 727040K, used 92705K [0x000000076ab00000, 0x00000007a9e00000, 0x00000007c0000000)
  eden space 614912K, 0% used [0x000000076ab00000,0x000000076ab00000,0x0000000790380000)
  from space 112128K, 82% used [0x0000000790380000,0x0000000795e08548,0x0000000797100000)
  to   space 124928K, 0% used [0x00000007a2400000,0x00000007a2400000,0x00000007a9e00000)
 ParOldGen       total 272384K, used 220999K [0x00000006c0000000, 0x00000006d0a00000, 0x000000076ab00000)
  object space 272384K, 81% used [0x00000006c0000000,0x00000006cd7d1f28,0x00000006d0a00000)
 Metaspace       used 6574K, capacity 7280K, committed 7552K, reserved 1056768K
  class space    used 595K, capacity 616K, committed 640K, reserved 1048576K
}
Event: 9.142 GC heap before
{Heap before GC invocations=14 (full 2):
 PSYoungGen      total 727040K, used 707617K [0x000000076ab00000, 0x00000007a9e00000, 0x00000007c0000000)
  eden space 614912K, 100% used [0x000000076ab00000,0x0000000790380000,0x0000000790380000)
  from space 112128K, 82% used [0x0000000790380000,0x0000000795e08548,0x0000000797100000)
  to   space 124928K, 0% used [0x00000007a2400000,0x00000007a2400000,0x00000007a9e00000)
 ParOldGen       total 272384K, used 220999K [0x00000006c0000000, 0x00000006d0a00000, 0x000000076ab00000)
  object space 272384K, 81% used [0x00000006c0000000,0x00000006cd7d1f28,0x00000006d0a00000)
 Metaspace       used 6586K, capacity 7280K, committed 7552K, reserved 1056768K
  class space    used 597K, capacity 616K, committed 640K, reserved 1048576K
Event: 9.680 GC heap after
Heap after GC invocations=14 (full 2):
 PSYoungGen      total 867840K, used 124916K [0x000000076ab00000, 0x00000007b0980000, 0x00000007c0000000)
  eden space 742912K, 0% used [0x000000076ab00000,0x000000076ab00000,0x0000000798080000)
  from space 124928K, 99% used [0x00000007a2400000,0x00000007a9dfd3d8,0x00000007a9e00000)
  to   space 167424K, 0% used [0x0000000798080000,0x0000000798080000,0x00000007a2400000)
 ParOldGen       total 277504K, used 277137K [0x00000006c0000000, 0x00000006d0f00000, 0x000000076ab00000)
  object space 277504K, 99% used [0x00000006c0000000,0x00000006d0ea45a0,0x00000006d0f00000)
 Metaspace       used 6586K, capacity 7280K, committed 7552K, reserved 1056768K
  class space    used 597K, capacity 616K, committed 640K, reserved 1048576K
}
Event: 9.681 GC heap before
{Heap before GC invocations=15 (full 3):
 PSYoungGen      total 867840K, used 124916K [0x000000076ab00000, 0x00000007b0980000, 0x00000007c0000000)
  eden space 742912K, 0% used [0x000000076ab00000,0x000000076ab00000,0x0000000798080000)
  from space 124928K, 99% used [0x00000007a2400000,0x00000007a9dfd3d8,0x00000007a9e00000)
  to   space 167424K, 0% used [0x0000000798080000,0x0000000798080000,0x00000007a2400000)
 ParOldGen       total 277504K, used 277137K [0x00000006c0000000, 0x00000006d0f00000, 0x000000076ab00000)
  object space 277504K, 99% used [0x00000006c0000000,0x00000006d0ea45a0,0x00000006d0f00000)
 Metaspace       used 6586K, capacity 7280K, committed 7552K, reserved 1056768K
  class space    used 597K, capacity 616K, committed 640K, reserved 1048576K
Event: 10.623 GC heap after
Heap after GC invocations=15 (full 3):
 PSYoungGen      total 867840K, used 121331K [0x000000076ab00000, 0x00000007b0980000, 0x00000007c0000000)
  eden space 742912K, 0% used [0x000000076ab00000,0x000000076ab00000,0x0000000798080000)
  from space 124928K, 97% used [0x00000007a2400000,0x00000007a9a7cef0,0x00000007a9e00000)
  to   space 167424K, 0% used [0x0000000798080000,0x0000000798080000,0x00000007a2400000)
 ParOldGen       total 435712K, used 277093K [0x00000006c0000000, 0x00000006da980000, 0x000000076ab00000)
  object space 435712K, 63% used [0x00000006c0000000,0x00000006d0e997d8,0x00000006da980000)
 Metaspace       used 6586K, capacity 7280K, committed 7552K, reserved 1056768K
  class space    used 597K, capacity 616K, committed 640K, reserved 1048576K
}
Event: 11.814 GC heap before
{Heap before GC invocations=16 (full 3):
 PSYoungGen      total 867840K, used 864243K [0x000000076ab00000, 0x00000007b0980000, 0x00000007c0000000)
  eden space 742912K, 100% used [0x000000076ab00000,0x0000000798080000,0x0000000798080000)
  from space 124928K, 97% used [0x00000007a2400000,0x00000007a9a7cef0,0x00000007a9e00000)
  to   space 167424K, 0% used [0x0000000798080000,0x0000000798080000,0x00000007a2400000)
 ParOldGen       total 435712K, used 277093K [0x00000006c0000000, 0x00000006da980000, 0x000000076ab00000)
  object space 435712K, 63% used [0x00000006c0000000,0x00000006d0e997d8,0x00000006da980000)
 Metaspace       used 6589K, capacity 7280K, committed 7552K, reserved 1056768K
  class space    used 597K, capacity 616K, committed 640K, reserved 1048576K

