# JRE version: OpenJDK Runtime Environment (8.0_76-b03) (build 1.8.0_76-release-b03)
# Java VM: OpenJDK 64-Bit Server VM (25.76-b03 mixed mode linux-amd64 compressed oops)
Heap:
 PSYoungGen      total 1029120K, used 187201K [0x000000076ab00000, 0x00000007c0000000, 0x00000007c0000000)
  eden space 727040K, 0% used [0x000000076ab00000,0x000000076ab00000,0x0000000797100000)
  from space 302080K, 61% used [0x0000000797100000,0x00000007a27d0788,0x00000007a9800000)
  to   space 368640K, 0% used [0x00000007a9800000,0x00000007a9800000,0x00000007c0000000)
 ParOldGen       total 733184K, used 732862K [0x00000006c0000000, 0x00000006ecc00000, 0x000000076ab00000)
  object space 733184K, 99% used [0x00000006c0000000,0x00000006ecbafa20,0x00000006ecc00000)
 Metaspace       used 6808K, capacity 7536K, committed 7808K, reserved 1056768K
  class space    used 609K, capacity 616K, committed 640K, reserved 1048576K
GC Heap History (10 events):
Event: 15.824 GC heap after
Heap after GC invocations=19 (full 4):
 PSYoungGen      total 805376K, used 189451K [0x000000076ab00000, 0x00000007b3480000, 0x00000007c0000000)
  eden space 595968K, 0% used [0x000000076ab00000,0x000000076ab00000,0x000000078f100000)
  from space 209408K, 90% used [0x000000078f100000,0x000000079aa02ed8,0x000000079bd80000)
  to   space 237568K, 0% used [0x00000007a4c80000,0x00000007a4c80000,0x00000007b3480000)
 ParOldGen       total 733184K, used 560914K [0x00000006c0000000, 0x00000006ecc00000, 0x000000076ab00000)
  object space 733184K, 76% used [0x00000006c0000000,0x00000006e23c4878,0x00000006ecc00000)
 Metaspace       used 6440K, capacity 7280K, committed 7552K, reserved 1056768K
  class space    used 590K, capacity 616K, committed 640K, reserved 1048576K
}
Event: 17.033 GC heap before
{Heap before GC invocations=20 (full 4):
 PSYoungGen      total 805376K, used 785419K [0x000000076ab00000, 0x00000007b3480000, 0x00000007c0000000)
  eden space 595968K, 100% used [0x000000076ab00000,0x000000078f100000,0x000000078f100000)
  from space 209408K, 90% used [0x000000078f100000,0x000000079aa02ed8,0x000000079bd80000)
  to   space 237568K, 0% used [0x00000007a4c80000,0x00000007a4c80000,0x00000007b3480000)
 ParOldGen       total 733184K, used 560914K [0x00000006c0000000, 0x00000006ecc00000, 0x000000076ab00000)
  object space 733184K, 76% used [0x00000006c0000000,0x00000006e23c4878,0x00000006ecc00000)
 Metaspace       used 6442K, capacity 7280K, committed 7552K, reserved 1056768K
  class space    used 590K, capacity 616K, committed 640K, reserved 1048576K
Event: 17.151 GC heap after
Heap after GC invocations=20 (full 4):
 PSYoungGen      total 919040K, used 101963K [0x000000076ab00000, 0x00000007b1b00000, 0x00000007c0000000)
  eden space 707584K, 0% used [0x000000076ab00000,0x000000076ab00000,0x0000000795e00000)
  from space 211456K, 48% used [0x00000007a4c80000,0x00000007ab012ca0,0x00000007b1b00000)
  to   space 227840K, 0% used [0x0000000795e00000,0x0000000795e00000,0x00000007a3c80000)
 ParOldGen       total 733184K, used 560914K [0x00000006c0000000, 0x00000006ecc00000, 0x000000076ab00000)
  object space 733184K, 76% used [0x00000006c0000000,0x00000006e23c4878,0x00000006ecc00000)
 Metaspace       used 6442K, capacity 7280K, committed 7552K, reserved 1056768K
  class space    used 590K, capacity 616K, committed 640K, reserved 1048576K
}
Event: 18.365 GC heap before
{Heap before GC invocations=21 (full 4):
 PSYoungGen      total 919040K, used 809547K [0x000000076ab00000, 0x00000007b1b00000, 0x00000007c0000000)
  eden space 707584K, 100% used [0x000000076ab00000,0x0000000795e00000,0x0000000795e00000)
  from space 211456K, 48% used [0x00000007a4c80000,0x00000007ab012ca0,0x00000007b1b00000)
  to   space 227840K, 0% used [0x0000000795e00000,0x0000000795e00000,0x00000007a3c80000)
 ParOldGen       total 733184K, used 560914K [0x00000006c0000000, 0x00000006ecc00000, 0x000000076ab00000)
  object space 733184K, 76% used [0x00000006c0000000,0x00000006e23c4878,0x00000006ecc00000)
 Metaspace       used 6448K, capacity 7280K, committed 7552K, reserved 1056768K
  class space    used 591K, capacity 616K, committed 640K, reserved 1048576K
Event: 18.509 GC heap after
Heap after GC invocations=21 (full 4):
 PSYoungGen      total 935424K, used 210264K [0x000000076ab00000, 0x00000007bac00000, 0x00000007c0000000)
  eden space 707584K, 0% used [0x000000076ab00000,0x000000076ab00000,0x0000000795e00000)
  from space 227840K, 92% used [0x0000000795e00000,0x00000007a2b56030,0x00000007a3c80000)
  to   space 258560K, 0% used [0x00000007aaf80000,0x00000007aaf80000,0x00000007bac00000)
 ParOldGen       total 733184K, used 560914K [0x00000006c0000000, 0x00000006ecc00000, 0x000000076ab00000)
  object space 733184K, 76% used [0x00000006c0000000,0x00000006e23c4878,0x00000006ecc00000)
 Metaspace       used 6448K, capacity 7280K, committed 7552K, reserved 1056768K
  class space    used 591K, capacity 616K, committed 640K, reserved 1048576K
}
Event: 19.979 GC heap before
{Heap before GC invocations=22 (full 4):
 PSYoungGen      total 935424K, used 917848K [0x000000076ab00000, 0x00000007bac00000, 0x00000007c0000000)
  eden space 707584K, 100% used [0x000000076ab00000,0x0000000795e00000,0x0000000795e00000)
  from space 227840K, 92% used [0x0000000795e00000,0x00000007a2b56030,0x00000007a3c80000)
  to   space 258560K, 0% used [0x00000007aaf80000,0x00000007aaf80000,0x00000007bac00000)
 ParOldGen       total 733184K, used 560914K [0x00000006c0000000, 0x00000006ecc00000, 0x000000076ab00000)
  object space 733184K, 76% used [0x00000006c0000000,0x00000006e23c4878,0x00000006ecc00000)
 Metaspace       used 6565K, capacity 7344K, committed 7552K, reserved 1056768K
  class space    used 597K, capacity 616K, committed 640K, reserved 1048576K
Event: 20.629 GC heap after
Heap after GC invocations=22 (full 4):
 PSYoungGen      total 985600K, used 258539K [0x000000076ab00000, 0x00000007c0000000, 0x00000007c0000000)
  eden space 727040K, 0% used [0x000000076ab00000,0x000000076ab00000,0x0000000797100000)
  from space 258560K, 99% used [0x00000007aaf80000,0x00000007babfacd8,0x00000007bac00000)
  to   space 326144K, 0% used [0x0000000797100000,0x0000000797100000,0x00000007aaf80000)
 ParOldGen       total 733184K, used 628509K [0x00000006c0000000, 0x00000006ecc00000, 0x000000076ab00000)
  object space 733184K, 85% used [0x00000006c0000000,0x00000006e65c7588,0x00000006ecc00000)
 Metaspace       used 6565K, capacity 7344K, committed 7552K, reserved 1056768K
  class space    used 597K, capacity 616K, committed 640K, reserved 1048576K
}
Event: 21.867 GC heap before
{Heap before GC invocations=23 (full 4):
 PSYoungGen      total 985600K, used 985579K [0x000000076ab00000, 0x00000007c0000000, 0x00000007c0000000)
  eden space 727040K, 100% used [0x000000076ab00000,0x0000000797100000,0x0000000797100000)
  from space 258560K, 99% used [0x00000007aaf80000,0x00000007babfacd8,0x00000007bac00000)
  to   space 326144K, 0% used [0x0000000797100000,0x0000000797100000,0x00000007aaf80000)
 ParOldGen       total 733184K, used 628509K [0x00000006c0000000, 0x00000006ecc00000, 0x000000076ab00000)
  object space 733184K, 85% used [0x00000006c0000000,0x00000006e65c7588,0x00000006ecc00000)
 Metaspace       used 6808K, capacity 7536K, committed 7808K, reserved 1056768K
  class space    used 609K, capacity 616K, committed 640K, reserved 1048576K
Event: 22.226 GC heap after
Heap after GC invocations=23 (full 4):
 PSYoungGen      total 1029120K, used 301988K [0x000000076ab00000, 0x00000007c0000000, 0x00000007c0000000)
  eden space 727040K, 0% used [0x000000076ab00000,0x000000076ab00000,0x0000000797100000)
  from space 302080K, 99% used [0x0000000797100000,0x00000007a97e93b0,0x00000007a9800000)
  to   space 368640K, 0% used [0x00000007a9800000,0x00000007a9800000,0x00000007c0000000)
 ParOldGen       total 733184K, used 713625K [0x00000006c0000000, 0x00000006ecc00000, 0x000000076ab00000)
  object space 733184K, 97% used [0x00000006c0000000,0x00000006eb8e6610,0x00000006ecc00000)
 Metaspace       used 6808K, capacity 7536K, committed 7808K, reserved 1056768K
  class space    used 609K, capacity 616K, committed 640K, reserved 1048576K
}
Event: 22.242 GC heap before
{Heap before GC invocations=24 (full 5):
 PSYoungGen      total 1029120K, used 301988K [0x000000076ab00000, 0x00000007c0000000, 0x00000007c0000000)
  eden space 727040K, 0% used [0x000000076ab00000,0x000000076ab00000,0x0000000797100000)
  from space 302080K, 99% used [0x0000000797100000,0x00000007a97e93b0,0x00000007a9800000)
  to   space 368640K, 0% used [0x00000007a9800000,0x00000007a9800000,0x00000007c0000000)
 ParOldGen       total 733184K, used 713625K [0x00000006c0000000, 0x00000006ecc00000, 0x000000076ab00000)
  object space 733184K, 97% used [0x00000006c0000000,0x00000006eb8e6610,0x00000006ecc00000)
 Metaspace       used 6808K, capacity 7536K, committed 7808K, reserved 1056768K
  class space    used 609K, capacity 616K, committed 640K, reserved 1048576K

