# JRE version: OpenJDK Runtime Environment (8.0_152-b01) (build 1.8.0_152-release-915-b01)
# Java VM: OpenJDK 64-Bit Server VM (25.152-b01 mixed mode linux-amd64 compressed oops)
Heap:
 PSYoungGen      total 949248K, used 191979K [0x000000076ab00000, 0x00000007b0580000, 0x00000007c0000000)
  eden space 757248K, 0% used [0x000000076ab00000,0x000000076ab00000,0x0000000798e80000)
  from space 192000K, 99% used [0x0000000798e80000,0x00000007a49fadb8,0x00000007a4a00000)
  to   space 176128K, 0% used [0x00000007a5980000,0x00000007a5980000,0x00000007b0580000)
 ParOldGen       total 754176K, used 496236K [0x00000006c0000000, 0x00000006ee080000, 0x000000076ab00000)
  object space 754176K, 65% used [0x00000006c0000000,0x00000006de49b378,0x00000006ee080000)
 Metaspace       used 6727K, capacity 7412K, committed 7552K, reserved 1056768K
  class space    used 611K, capacity 620K, committed 640K, reserved 1048576K
GC Heap History (10 events):
Event: 9.241 GC heap after
Heap after GC invocations=14 (full 2):
 PSYoungGen      total 792576K, used 136696K [0x000000076ab00000, 0x00000007ad180000, 0x00000007c0000000)
  eden space 655872K, 0% used [0x000000076ab00000,0x000000076ab00000,0x0000000792b80000)
  from space 136704K, 99% used [0x000000079e100000,0x00000007a667e188,0x00000007a6680000)
  to   space 185856K, 0% used [0x0000000792b80000,0x0000000792b80000,0x000000079e100000)
 ParOldGen       total 291840K, used 274246K [0x00000006c0000000, 0x00000006d1d00000, 0x000000076ab00000)
  object space 291840K, 93% used [0x00000006c0000000,0x00000006d0bd1890,0x00000006d1d00000)
 Metaspace       used 6609K, capacity 7344K, committed 7552K, reserved 1056768K
  class space    used 604K, capacity 616K, committed 640K, reserved 1048576K
}
Event: 9.241 GC heap before
{Heap before GC invocations=15 (full 3):
 PSYoungGen      total 792576K, used 136696K [0x000000076ab00000, 0x00000007ad180000, 0x00000007c0000000)
  eden space 655872K, 0% used [0x000000076ab00000,0x000000076ab00000,0x0000000792b80000)
  from space 136704K, 99% used [0x000000079e100000,0x00000007a667e188,0x00000007a6680000)
  to   space 185856K, 0% used [0x0000000792b80000,0x0000000792b80000,0x000000079e100000)
 ParOldGen       total 291840K, used 274246K [0x00000006c0000000, 0x00000006d1d00000, 0x000000076ab00000)
  object space 291840K, 93% used [0x00000006c0000000,0x00000006d0bd1890,0x00000006d1d00000)
 Metaspace       used 6609K, capacity 7344K, committed 7552K, reserved 1056768K
  class space    used 604K, capacity 616K, committed 640K, reserved 1048576K
Event: 10.425 GC heap after
Heap after GC invocations=15 (full 3):
 PSYoungGen      total 792576K, used 111577K [0x000000076ab00000, 0x00000007ad180000, 0x00000007c0000000)
  eden space 655872K, 0% used [0x000000076ab00000,0x000000076ab00000,0x0000000792b80000)
  from space 136704K, 81% used [0x000000079e100000,0x00000007a4df6730,0x00000007a6680000)
  to   space 185856K, 0% used [0x0000000792b80000,0x0000000792b80000,0x000000079e100000)
 ParOldGen       total 480256K, used 291817K [0x00000006c0000000, 0x00000006dd500000, 0x000000076ab00000)
  object space 480256K, 60% used [0x00000006c0000000,0x00000006d1cfa570,0x00000006dd500000)
 Metaspace       used 6609K, capacity 7344K, committed 7552K, reserved 1056768K
  class space    used 604K, capacity 616K, committed 640K, reserved 1048576K
}
Event: 11.744 GC heap before
{Heap before GC invocations=16 (full 3):
 PSYoungGen      total 792576K, used 767449K [0x000000076ab00000, 0x00000007ad180000, 0x00000007c0000000)
  eden space 655872K, 100% used [0x000000076ab00000,0x0000000792b80000,0x0000000792b80000)
  from space 136704K, 81% used [0x000000079e100000,0x00000007a4df6730,0x00000007a6680000)
  to   space 185856K, 0% used [0x0000000792b80000,0x0000000792b80000,0x000000079e100000)
 ParOldGen       total 480256K, used 291817K [0x00000006c0000000, 0x00000006dd500000, 0x000000076ab00000)
  object space 480256K, 60% used [0x00000006c0000000,0x00000006d1cfa570,0x00000006dd500000)
 Metaspace       used 6611K, capacity 7344K, committed 7552K, reserved 1056768K
  class space    used 604K, capacity 616K, committed 640K, reserved 1048576K
Event: 12.009 GC heap after
Heap after GC invocations=16 (full 3):
 PSYoungGen      total 841728K, used 105619K [0x000000076ab00000, 0x00000007b1200000, 0x00000007c0000000)
  eden space 655872K, 0% used [0x000000076ab00000,0x000000076ab00000,0x0000000792b80000)
  from space 185856K, 56% used [0x0000000792b80000,0x00000007992a4e00,0x000000079e100000)
  to   space 188928K, 0% used [0x00000007a5980000,0x00000007a5980000,0x00000007b1200000)
 ParOldGen       total 480256K, used 404465K [0x00000006c0000000, 0x00000006dd500000, 0x000000076ab00000)
  object space 480256K, 84% used [0x00000006c0000000,0x00000006d8afc600,0x00000006dd500000)
 Metaspace       used 6611K, capacity 7344K, committed 7552K, reserved 1056768K
  class space    used 604K, capacity 616K, committed 640K, reserved 1048576K
}
Event: 12.009 GC heap before
{Heap before GC invocations=17 (full 4):
 PSYoungGen      total 841728K, used 105619K [0x000000076ab00000, 0x00000007b1200000, 0x00000007c0000000)
  eden space 655872K, 0% used [0x000000076ab00000,0x000000076ab00000,0x0000000792b80000)
  from space 185856K, 56% used [0x0000000792b80000,0x00000007992a4e00,0x000000079e100000)
  to   space 188928K, 0% used [0x00000007a5980000,0x00000007a5980000,0x00000007b1200000)
 ParOldGen       total 480256K, used 404465K [0x00000006c0000000, 0x00000006dd500000, 0x000000076ab00000)
  object space 480256K, 84% used [0x00000006c0000000,0x00000006d8afc600,0x00000006dd500000)
 Metaspace       used 6611K, capacity 7344K, committed 7552K, reserved 1056768K
  class space    used 604K, capacity 616K, committed 640K, reserved 1048576K
Event: 13.166 GC heap after
Heap after GC invocations=17 (full 4):
 PSYoungGen      total 841728K, used 7054K [0x000000076ab00000, 0x00000007b1200000, 0x00000007c0000000)
  eden space 655872K, 0% used [0x000000076ab00000,0x000000076ab00000,0x0000000792b80000)
  from space 185856K, 3% used [0x0000000792b80000,0x0000000793263940,0x000000079e100000)
  to   space 188928K, 0% used [0x00000007a5980000,0x00000007a5980000,0x00000007b1200000)
 ParOldGen       total 754176K, used 480110K [0x00000006c0000000, 0x00000006ee080000, 0x000000076ab00000)
  object space 754176K, 63% used [0x00000006c0000000,0x00000006dd4db908,0x00000006ee080000)
 Metaspace       used 6611K, capacity 7344K, committed 7552K, reserved 1056768K
  class space    used 604K, capacity 616K, committed 640K, reserved 1048576K
}
Event: 14.534 GC heap before
{Heap before GC invocations=18 (full 4):
 PSYoungGen      total 841728K, used 662926K [0x000000076ab00000, 0x00000007b1200000, 0x00000007c0000000)
  eden space 655872K, 100% used [0x000000076ab00000,0x0000000792b80000,0x0000000792b80000)
  from space 185856K, 3% used [0x0000000792b80000,0x0000000793263940,0x000000079e100000)
  to   space 188928K, 0% used [0x00000007a5980000,0x00000007a5980000,0x00000007b1200000)
 ParOldGen       total 754176K, used 480110K [0x00000006c0000000, 0x00000006ee080000, 0x000000076ab00000)
  object space 754176K, 63% used [0x00000006c0000000,0x00000006dd4db908,0x00000006ee080000)
 Metaspace       used 6614K, capacity 7344K, committed 7552K, reserved 1056768K
  class space    used 604K, capacity 616K, committed 640K, reserved 1048576K
Event: 14.756 GC heap after
Heap after GC invocations=18 (full 4):
 PSYoungGen      total 933376K, used 107409K [0x000000076ab00000, 0x00000007b0580000, 0x00000007c0000000)
  eden space 757248K, 0% used [0x000000076ab00000,0x000000076ab00000,0x0000000798e80000)
  from space 176128K, 60% used [0x00000007a5980000,0x00000007ac2646d0,0x00000007b0580000)
  to   space 192000K, 0% used [0x0000000798e80000,0x0000000798e80000,0x00000007a4a00000)
 ParOldGen       total 754176K, used 480118K [0x00000006c0000000, 0x00000006ee080000, 0x000000076ab00000)
  object space 754176K, 63% used [0x00000006c0000000,0x00000006dd4dd908,0x00000006ee080000)
 Metaspace       used 6614K, capacity 7344K, committed 7552K, reserved 1056768K
  class space    used 604K, capacity 616K, committed 640K, reserved 1048576K
}
Event: 16.694 GC heap before
{Heap before GC invocations=19 (full 4):
 PSYoungGen      total 933376K, used 864657K [0x000000076ab00000, 0x00000007b0580000, 0x00000007c0000000)
  eden space 757248K, 100% used [0x000000076ab00000,0x0000000798e80000,0x0000000798e80000)
  from space 176128K, 60% used [0x00000007a5980000,0x00000007ac2646d0,0x00000007b0580000)
  to   space 192000K, 0% used [0x0000000798e80000,0x0000000798e80000,0x00000007a4a00000)
 ParOldGen       total 754176K, used 480118K [0x00000006c0000000, 0x00000006ee080000, 0x000000076ab00000)
  object space 754176K, 63% used [0x00000006c0000000,0x00000006dd4dd908,0x00000006ee080000)
 Metaspace       used 6727K, capacity 7412K, committed 7552K, reserved 1056768K
  class space    used 611K, capacity 620K, committed 640K, reserved 1048576K

