# JRE version: OpenJDK Runtime Environment (8.0_76-b03) (build 1.8.0_76-release-b03)
# Java VM: OpenJDK 64-Bit Server VM (25.76-b03 mixed mode linux-amd64 compressed oops)
Heap:
 PSYoungGen      total 819200K, used 10608K [0x000000076ab00000, 0x00000007afb00000, 0x00000007c0000000)
  eden space 656896K, 0% used [0x000000076ab00000,0x000000076ab00000,0x0000000792c80000)
  from space 162304K, 6% used [0x0000000792c80000,0x00000007936dc058,0x000000079cb00000)
  to   space 167936K, 0% used [0x00000007a5700000,0x00000007a5700000,0x00000007afb00000)
 ParOldGen       total 471552K, used 471114K [0x00000006c0000000, 0x00000006dcc80000, 0x000000076ab00000)
  object space 471552K, 99% used [0x00000006c0000000,0x00000006dcc128c8,0x00000006dcc80000)
 Metaspace       used 6568K, capacity 7280K, committed 7552K, reserved 1056768K
  class space    used 597K, capacity 616K, committed 640K, reserved 1048576K
GC Heap History (10 events):
Event: 6.640 GC heap after
Heap after GC invocations=12 (full 2):
 PSYoungGen      total 670720K, used 55564K [0x000000076ab00000, 0x000000079e100000, 0x00000007c0000000)
  eden space 582656K, 0% used [0x000000076ab00000,0x000000076ab00000,0x000000078e400000)
  from space 88064K, 63% used [0x0000000795100000,0x0000000798743230,0x000000079a700000)
  to   space 111616K, 0% used [0x000000078e400000,0x000000078e400000,0x0000000795100000)
 ParOldGen       total 290304K, used 165037K [0x00000006c0000000, 0x00000006d1b80000, 0x000000076ab00000)
  object space 290304K, 56% used [0x00000006c0000000,0x00000006ca12b468,0x00000006d1b80000)
 Metaspace       used 6539K, capacity 7280K, committed 7552K, reserved 1056768K
  class space    used 595K, capacity 616K, committed 640K, reserved 1048576K
}
Event: 7.795 GC heap before
{Heap before GC invocations=13 (full 2):
 PSYoungGen      total 670720K, used 638220K [0x000000076ab00000, 0x000000079e100000, 0x00000007c0000000)
  eden space 582656K, 100% used [0x000000076ab00000,0x000000078e400000,0x000000078e400000)
  from space 88064K, 63% used [0x0000000795100000,0x0000000798743230,0x000000079a700000)
  to   space 111616K, 0% used [0x000000078e400000,0x000000078e400000,0x0000000795100000)
 ParOldGen       total 290304K, used 165037K [0x00000006c0000000, 0x00000006d1b80000, 0x000000076ab00000)
  object space 290304K, 56% used [0x00000006c0000000,0x00000006ca12b468,0x00000006d1b80000)
 Metaspace       used 6554K, capacity 7280K, committed 7552K, reserved 1056768K
  class space    used 595K, capacity 616K, committed 640K, reserved 1048576K
Event: 7.998 GC heap after
Heap after GC invocations=13 (full 2):
 PSYoungGen      total 694272K, used 88228K [0x000000076ab00000, 0x00000007a4300000, 0x00000007c0000000)
  eden space 582656K, 0% used [0x000000076ab00000,0x000000076ab00000,0x000000078e400000)
  from space 111616K, 79% used [0x000000078e400000,0x0000000793a29140,0x0000000795100000)
  to   space 122880K, 0% used [0x000000079cb00000,0x000000079cb00000,0x00000007a4300000)
 ParOldGen       total 290304K, used 219321K [0x00000006c0000000, 0x00000006d1b80000, 0x000000076ab00000)
  object space 290304K, 75% used [0x00000006c0000000,0x00000006cd62e6a0,0x00000006d1b80000)
 Metaspace       used 6554K, capacity 7280K, committed 7552K, reserved 1056768K
  class space    used 595K, capacity 616K, committed 640K, reserved 1048576K
}
Event: 9.108 GC heap before
{Heap before GC invocations=14 (full 2):
 PSYoungGen      total 694272K, used 670884K [0x000000076ab00000, 0x00000007a4300000, 0x00000007c0000000)
  eden space 582656K, 100% used [0x000000076ab00000,0x000000078e400000,0x000000078e400000)
  from space 111616K, 79% used [0x000000078e400000,0x0000000793a29140,0x0000000795100000)
  to   space 122880K, 0% used [0x000000079cb00000,0x000000079cb00000,0x00000007a4300000)
 ParOldGen       total 290304K, used 219321K [0x00000006c0000000, 0x00000006d1b80000, 0x000000076ab00000)
  object space 290304K, 75% used [0x00000006c0000000,0x00000006cd62e6a0,0x00000006d1b80000)
 Metaspace       used 6566K, capacity 7280K, committed 7552K, reserved 1056768K
  class space    used 597K, capacity 616K, committed 640K, reserved 1048576K
Event: 9.402 GC heap after
Heap after GC invocations=14 (full 2):
 PSYoungGen      total 779776K, used 122865K [0x000000076ab00000, 0x00000007aa000000, 0x00000007c0000000)
  eden space 656896K, 0% used [0x000000076ab00000,0x000000076ab00000,0x0000000792c80000)
  from space 122880K, 99% used [0x000000079cb00000,0x00000007a42fc720,0x00000007a4300000)
  to   space 162304K, 0% used [0x0000000792c80000,0x0000000792c80000,0x000000079cb00000)
 ParOldGen       total 290304K, used 268410K [0x00000006c0000000, 0x00000006d1b80000, 0x000000076ab00000)
  object space 290304K, 92% used [0x00000006c0000000,0x00000006d061ea98,0x00000006d1b80000)
 Metaspace       used 6566K, capacity 7280K, committed 7552K, reserved 1056768K
  class space    used 597K, capacity 616K, committed 640K, reserved 1048576K
}
Event: 9.402 GC heap before
{Heap before GC invocations=15 (full 3):
 PSYoungGen      total 779776K, used 122865K [0x000000076ab00000, 0x00000007aa000000, 0x00000007c0000000)
  eden space 656896K, 0% used [0x000000076ab00000,0x000000076ab00000,0x0000000792c80000)
  from space 122880K, 99% used [0x000000079cb00000,0x00000007a42fc720,0x00000007a4300000)
  to   space 162304K, 0% used [0x0000000792c80000,0x0000000792c80000,0x000000079cb00000)
 ParOldGen       total 290304K, used 268410K [0x00000006c0000000, 0x00000006d1b80000, 0x000000076ab00000)
  object space 290304K, 92% used [0x00000006c0000000,0x00000006d061ea98,0x00000006d1b80000)
 Metaspace       used 6566K, capacity 7280K, committed 7552K, reserved 1056768K
  class space    used 597K, capacity 616K, committed 640K, reserved 1048576K
Event: 10.384 GC heap after
Heap after GC invocations=15 (full 3):
 PSYoungGen      total 779776K, used 97900K [0x000000076ab00000, 0x00000007aa000000, 0x00000007c0000000)
  eden space 656896K, 0% used [0x000000076ab00000,0x000000076ab00000,0x0000000792c80000)
  from space 122880K, 79% used [0x000000079cb00000,0x00000007a2a9b070,0x00000007a4300000)
  to   space 162304K, 0% used [0x0000000792c80000,0x0000000792c80000,0x000000079cb00000)
 ParOldGen       total 471552K, used 290282K [0x00000006c0000000, 0x00000006dcc80000, 0x000000076ab00000)
  object space 471552K, 61% used [0x00000006c0000000,0x00000006d1b7aa30,0x00000006dcc80000)
 Metaspace       used 6566K, capacity 7280K, committed 7552K, reserved 1056768K
  class space    used 597K, capacity 616K, committed 640K, reserved 1048576K
}
Event: 11.592 GC heap before
{Heap before GC invocations=16 (full 3):
 PSYoungGen      total 779776K, used 754796K [0x000000076ab00000, 0x00000007aa000000, 0x00000007c0000000)
  eden space 656896K, 100% used [0x000000076ab00000,0x0000000792c80000,0x0000000792c80000)
  from space 122880K, 79% used [0x000000079cb00000,0x00000007a2a9b070,0x00000007a4300000)
  to   space 162304K, 0% used [0x0000000792c80000,0x0000000792c80000,0x000000079cb00000)
 ParOldGen       total 471552K, used 290282K [0x00000006c0000000, 0x00000006dcc80000, 0x000000076ab00000)
  object space 471552K, 61% used [0x00000006c0000000,0x00000006d1b7aa30,0x00000006dcc80000)
 Metaspace       used 6568K, capacity 7280K, committed 7552K, reserved 1056768K
  class space    used 597K, capacity 616K, committed 640K, reserved 1048576K
Event: 11.861 GC heap after
Heap after GC invocations=16 (full 3):
 PSYoungGen      total 819200K, used 100638K [0x000000076ab00000, 0x00000007afb00000, 0x00000007c0000000)
  eden space 656896K, 0% used [0x000000076ab00000,0x000000076ab00000,0x0000000792c80000)
  from space 162304K, 62% used [0x0000000792c80000,0x0000000798ec7bb8,0x000000079cb00000)
  to   space 167936K, 0% used [0x00000007a5700000,0x00000007a5700000,0x00000007afb00000)
 ParOldGen       total 471552K, used 389144K [0x00000006c0000000, 0x00000006dcc80000, 0x000000076ab00000)
  object space 471552K, 82% used [0x00000006c0000000,0x00000006d7c060c8,0x00000006dcc80000)
 Metaspace       used 6568K, capacity 7280K, committed 7552K, reserved 1056768K
  class space    used 597K, capacity 616K, committed 640K, reserved 1048576K
}
Event: 11.867 GC heap before
{Heap before GC invocations=17 (full 4):
 PSYoungGen      total 819200K, used 100638K [0x000000076ab00000, 0x00000007afb00000, 0x00000007c0000000)
  eden space 656896K, 0% used [0x000000076ab00000,0x000000076ab00000,0x0000000792c80000)
  from space 162304K, 62% used [0x0000000792c80000,0x0000000798ec7bb8,0x000000079cb00000)
  to   space 167936K, 0% used [0x00000007a5700000,0x00000007a5700000,0x00000007afb00000)
 ParOldGen       total 471552K, used 389144K [0x00000006c0000000, 0x00000006dcc80000, 0x000000076ab00000)
  object space 471552K, 82% used [0x00000006c0000000,0x00000006d7c060c8,0x00000006dcc80000)
 Metaspace       used 6568K, capacity 7280K, committed 7552K, reserved 1056768K
  class space    used 597K, capacity 616K, committed 640K, reserved 1048576K

