# JRE version: OpenJDK Runtime Environment (8.0_152-b01) (build 1.8.0_152-release-915-b01)
# Java VM: OpenJDK 64-Bit Server VM (25.152-b01 mixed mode linux-amd64 compressed oops)
Heap:
 PSYoungGen      total 954880K, used 179689K [0x000000076ab00000, 0x00000007aff00000, 0x00000007c0000000)
  eden space 775168K, 0% used [0x000000076ab00000,0x000000076ab00000,0x000000079a000000)
  from space 179712K, 99% used [0x000000079a000000,0x00000007a4f7a560,0x00000007a4f80000)
  to   space 157696K, 0% used [0x00000007a6500000,0x00000007a6500000,0x00000007aff00000)
 ParOldGen       total 741888K, used 580624K [0x00000006c0000000, 0x00000006ed480000, 0x000000076ab00000)
  object space 741888K, 78% used [0x00000006c0000000,0x00000006e3704298,0x00000006ed480000)
 Metaspace       used 6762K, capacity 7414K, committed 7552K, reserved 1056768K
  class space    used 613K, capacity 622K, committed 640K, reserved 1048576K
GC Heap History (10 events):
Event: 9.835 GC heap after
Heap after GC invocations=14 (full 2):
 PSYoungGen      total 785920K, used 122874K [0x000000076ab00000, 0x00000007aa780000, 0x00000007c0000000)
  eden space 663040K, 0% used [0x000000076ab00000,0x000000076ab00000,0x0000000793280000)
  from space 122880K, 99% used [0x000000079d580000,0x00000007a4d7e8a0,0x00000007a4d80000)
  to   space 166912K, 0% used [0x0000000793280000,0x0000000793280000,0x000000079d580000)
 ParOldGen       total 289792K, used 282417K [0x00000006c0000000, 0x00000006d1b00000, 0x000000076ab00000)
  object space 289792K, 97% used [0x00000006c0000000,0x00000006d13cc578,0x00000006d1b00000)
 Metaspace       used 6647K, capacity 7346K, committed 7552K, reserved 1056768K
  class space    used 606K, capacity 618K, committed 640K, reserved 1048576K
}
Event: 9.835 GC heap before
{Heap before GC invocations=15 (full 3):
 PSYoungGen      total 785920K, used 122874K [0x000000076ab00000, 0x00000007aa780000, 0x00000007c0000000)
  eden space 663040K, 0% used [0x000000076ab00000,0x000000076ab00000,0x0000000793280000)
  from space 122880K, 99% used [0x000000079d580000,0x00000007a4d7e8a0,0x00000007a4d80000)
  to   space 166912K, 0% used [0x0000000793280000,0x0000000793280000,0x000000079d580000)
 ParOldGen       total 289792K, used 282417K [0x00000006c0000000, 0x00000006d1b00000, 0x000000076ab00000)
  object space 289792K, 97% used [0x00000006c0000000,0x00000006d13cc578,0x00000006d1b00000)
 Metaspace       used 6647K, capacity 7346K, committed 7552K, reserved 1056768K
  class space    used 606K, capacity 618K, committed 640K, reserved 1048576K
Event: 10.864 GC heap after
Heap after GC invocations=15 (full 3):
 PSYoungGen      total 785920K, used 111158K [0x000000076ab00000, 0x00000007aa780000, 0x00000007c0000000)
  eden space 663040K, 0% used [0x000000076ab00000,0x000000076ab00000,0x0000000793280000)
  from space 122880K, 90% used [0x000000079d580000,0x00000007a420da40,0x00000007a4d80000)
  to   space 166912K, 0% used [0x0000000793280000,0x0000000793280000,0x000000079d580000)
 ParOldGen       total 475136K, used 289566K [0x00000006c0000000, 0x00000006dd000000, 0x000000076ab00000)
  object space 475136K, 60% used [0x00000006c0000000,0x00000006d1ac7ab0,0x00000006dd000000)
 Metaspace       used 6647K, capacity 7346K, committed 7552K, reserved 1056768K
  class space    used 606K, capacity 618K, committed 640K, reserved 1048576K
}
Event: 12.070 GC heap before
{Heap before GC invocations=16 (full 3):
 PSYoungGen      total 785920K, used 774198K [0x000000076ab00000, 0x00000007aa780000, 0x00000007c0000000)
  eden space 663040K, 100% used [0x000000076ab00000,0x0000000793280000,0x0000000793280000)
  from space 122880K, 90% used [0x000000079d580000,0x00000007a420da40,0x00000007a4d80000)
  to   space 166912K, 0% used [0x0000000793280000,0x0000000793280000,0x000000079d580000)
 ParOldGen       total 475136K, used 289566K [0x00000006c0000000, 0x00000006dd000000, 0x000000076ab00000)
  object space 475136K, 60% used [0x00000006c0000000,0x00000006d1ac7ab0,0x00000006dd000000)
 Metaspace       used 6650K, capacity 7346K, committed 7552K, reserved 1056768K
  class space    used 606K, capacity 618K, committed 640K, reserved 1048576K
Event: 12.438 GC heap after
Heap after GC invocations=16 (full 3):
 PSYoungGen      total 829952K, used 104324K [0x000000076ab00000, 0x00000007b0e00000, 0x00000007c0000000)
  eden space 663040K, 0% used [0x000000076ab00000,0x000000076ab00000,0x0000000793280000)
  from space 166912K, 62% used [0x0000000793280000,0x00000007998612b8,0x000000079d580000)
  to   space 173056K, 0% used [0x00000007a6500000,0x00000007a6500000,0x00000007b0e00000)
 ParOldGen       total 475136K, used 401649K [0x00000006c0000000, 0x00000006dd000000, 0x000000076ab00000)
  object space 475136K, 84% used [0x00000006c0000000,0x00000006d883c7f0,0x00000006dd000000)
 Metaspace       used 6650K, capacity 7346K, committed 7552K, reserved 1056768K
  class space    used 606K, capacity 618K, committed 640K, reserved 1048576K
}
Event: 12.438 GC heap before
{Heap before GC invocations=17 (full 4):
 PSYoungGen      total 829952K, used 104324K [0x000000076ab00000, 0x00000007b0e00000, 0x00000007c0000000)
  eden space 663040K, 0% used [0x000000076ab00000,0x000000076ab00000,0x0000000793280000)
  from space 166912K, 62% used [0x0000000793280000,0x00000007998612b8,0x000000079d580000)
  to   space 173056K, 0% used [0x00000007a6500000,0x00000007a6500000,0x00000007b0e00000)
 ParOldGen       total 475136K, used 401649K [0x00000006c0000000, 0x00000006dd000000, 0x000000076ab00000)
  object space 475136K, 84% used [0x00000006c0000000,0x00000006d883c7f0,0x00000006dd000000)
 Metaspace       used 6650K, capacity 7346K, committed 7552K, reserved 1056768K
  class space    used 606K, capacity 618K, committed 640K, reserved 1048576K
Event: 13.763 GC heap after
Heap after GC invocations=17 (full 4):
 PSYoungGen      total 829952K, used 7231K [0x000000076ab00000, 0x00000007b0e00000, 0x00000007c0000000)
  eden space 663040K, 0% used [0x000000076ab00000,0x000000076ab00000,0x0000000793280000)
  from space 166912K, 4% used [0x0000000793280000,0x000000079398fe90,0x000000079d580000)
  to   space 173056K, 0% used [0x00000007a6500000,0x00000007a6500000,0x00000007b0e00000)
 ParOldGen       total 741888K, used 475118K [0x00000006c0000000, 0x00000006ed480000, 0x000000076ab00000)
  object space 741888K, 64% used [0x00000006c0000000,0x00000006dcffb848,0x00000006ed480000)
 Metaspace       used 6650K, capacity 7346K, committed 7552K, reserved 1056768K
  class space    used 606K, capacity 618K, committed 640K, reserved 1048576K
}
Event: 15.196 GC heap before
{Heap before GC invocations=18 (full 4):
 PSYoungGen      total 829952K, used 670271K [0x000000076ab00000, 0x00000007b0e00000, 0x00000007c0000000)
  eden space 663040K, 100% used [0x000000076ab00000,0x0000000793280000,0x0000000793280000)
  from space 166912K, 4% used [0x0000000793280000,0x000000079398fe90,0x000000079d580000)
  to   space 173056K, 0% used [0x00000007a6500000,0x00000007a6500000,0x00000007b0e00000)
 ParOldGen       total 741888K, used 475118K [0x00000006c0000000, 0x00000006ed480000, 0x000000076ab00000)
  object space 741888K, 64% used [0x00000006c0000000,0x00000006dcffb848,0x00000006ed480000)
 Metaspace       used 6651K, capacity 7346K, committed 7552K, reserved 1056768K
  class space    used 606K, capacity 618K, committed 640K, reserved 1048576K
Event: 15.439 GC heap after
Heap after GC invocations=18 (full 4):
 PSYoungGen      total 932864K, used 110921K [0x000000076ab00000, 0x00000007aff00000, 0x00000007c0000000)
  eden space 775168K, 0% used [0x000000076ab00000,0x000000076ab00000,0x000000079a000000)
  from space 157696K, 70% used [0x00000007a6500000,0x00000007ad152418,0x00000007aff00000)
  to   space 179712K, 0% used [0x000000079a000000,0x000000079a000000,0x00000007a4f80000)
 ParOldGen       total 741888K, used 475118K [0x00000006c0000000, 0x00000006ed480000, 0x000000076ab00000)
  object space 741888K, 64% used [0x00000006c0000000,0x00000006dcffb848,0x00000006ed480000)
 Metaspace       used 6651K, capacity 7346K, committed 7552K, reserved 1056768K
  class space    used 606K, capacity 618K, committed 640K, reserved 1048576K
}
Event: 18.348 GC heap before
{Heap before GC invocations=19 (full 4):
 PSYoungGen      total 932864K, used 886089K [0x000000076ab00000, 0x00000007aff00000, 0x00000007c0000000)
  eden space 775168K, 100% used [0x000000076ab00000,0x000000079a000000,0x000000079a000000)
  from space 157696K, 70% used [0x00000007a6500000,0x00000007ad152418,0x00000007aff00000)
  to   space 179712K, 0% used [0x000000079a000000,0x000000079a000000,0x00000007a4f80000)
 ParOldGen       total 741888K, used 475118K [0x00000006c0000000, 0x00000006ed480000, 0x000000076ab00000)
  object space 741888K, 64% used [0x00000006c0000000,0x00000006dcffb848,0x00000006ed480000)
 Metaspace       used 6762K, capacity 7414K, committed 7552K, reserved 1056768K
  class space    used 613K, capacity 622K, committed 640K, reserved 1048576K

